<?xml version="1.0" encoding="UTF-8"?>
<testsuite xmlns:xsi="http://www.w3.org/2001/XMLSchema-instance" xsi:noNamespaceSchemaLocation="https://maven.apache.org/surefire/maven-surefire-plugin/xsd/surefire-test-report-3.0.xsd" version="3.0" name="com.cardekho.backend.RecommendationPipelineTest" time="0.079" tests="4" errors="0" skipped="0" failures="0">
  <properties>
[...]
</properties>
  <testcase name="weightGeneratorShouldNormalizeImportanceValues" classname="com.cardekho.backend.RecommendationPipelineTest" time="0.016"/>
  <testcase name="semanticSimilarityShouldReturnPositiveScore" classname="com.cardekho.backend.RecommendationPipelineTest" time="0.008"/>
  <testcase name="topsisServiceShouldRankHigherCars" classname="com.cardekho.backend.RecommendationPipelineTest" time="0.018"/>
  <testcase name="filterServiceShouldApplyHardConstraints" classname="com.cardekho.backend.RecommendationPipelineTest" time="0.017"/>
</testsuite>